0.300538   0.373435   0.390421
0.370993   0.351302   -0.228577
0.14414   0.0170226   -0.389567
0.463672   0.275816   0.115167
-0.00134394   0.4372   0.184877
-0.141459   -0.0136273   -0.249147
0.32634   0.34535   0.118335
-0.422754   -0.0213196   0.209872
-0.265254   0.376916   -0.236023
-0.356728   0.465311   -0.128191
-0.152885   -0.269813   0.292069
0.163795   0.369742   -0.484076
-0.0204043   -0.465661   0.482028
-0.389348   0.231846   -0.26713
-0.156622   0.0512547   0.172706
-0.298982   0.102747   0.305489
0.254608   -0.0101482   -0.347142
-0.416093   -0.497444   0.281429
-0.299186   -0.299973   0.367771
0.230348   -0.183033   -0.275512
0.116776   0.168396   -0.32225
-0.253068   -0.250445   0.0984535
-0.225319   0.441514   -0.275641
-0.332989   -0.298347   0.474727
-0.194577   -0.413289   -0.480392
0.365408   -0.133014   -0.18877
0.431761   -0.0380027   -0.0638403
0.462874   -0.391226   -0.328147
-0.28316   0.367535   -0.371137
0.224003   -0.414561   0.484075
0.455129   0.263443   -0.056885
0.387465   -0.222163   -0.296838
0.0504454   -0.275995   -0.100603
-0.384738   0.254468   -0.40504
-0.202714   -0.3417   0.33108
-0.407435   0.438343   0.396099
-0.297285   0.0726373   0.478373
0.304364   -0.00582866   -0.0362009
-0.353254   0.410718   -0.406023
-0.00858475   -0.22275   0.0126132
-0.396566   0.0873715   0.432217
-0.453964   0.152637   -0.308374
0.157517   0.39442   -0.0921148
0.0395288   0.16932   -0.276175
-0.0447729   0.334853   0.479132
0.0488391   0.143177   0.00678277
-0.184985   -0.297574   0.175177
0.0195347   0.218977   -0.392921
0.43896   0.359203   -0.0656598
-0.319656   0.027086   0.241415
-0.0165946   -0.478583   0.39712
-0.237507   0.472308   -0.0794626
0.128648   -0.354966   -0.0689364
0.0633736   -0.121739   -0.23985
-0.469696   0.214058   -0.360654
-0.130682   0.207884   -0.324387
-0.2357   -0.167564   0.163251
-0.189784   0.128907   -0.27241
0.410789   -0.326201   0.170737
-0.0114157   0.463734   -0.445883
-0.31062   0.261446   -0.419398
-0.257369   0.20309   -0.102589
0.168347   -0.460443   0.071912
-0.351689   -0.309189   -0.254812
-0.0933479   -0.347527   0.347204
-0.109184   0.0971437   0.474918
0.230455   0.33636   0.0229145
-0.296108   -0.1384   0.0462608
0.484169   0.416478   -0.276248
0.188099   -0.084964   -0.366558
-0.0203308   -0.387537   0.120199
0.0448423   0.486509   -0.0580282
0.0584122   0.348967   -0.304936
-0.213198   0.474316   -0.164016
-0.13927   -0.0426212   -0.145332
-0.327925   0.333497   -0.441127
-0.263466   -0.415513   0.368113
-0.465664   -0.0758065   0.256183
0.1539   -0.244234   -0.0320626
-0.466295   0.103038   0.334514
0.237169   -0.239667   0.0809938
-0.243015   0.485052   -0.340929
-0.216811   -0.049273   0.0549203
-0.084441   -0.0780369   -0.0973141
0.176063   0.107623   0.279997
-0.484478   -0.093901   -0.287069
-0.0332856   -0.276336   -0.0437776
-0.303137   -0.119497   0.198138
-0.307307   -0.165438   -0.408036
-0.132937   0.00205394   -0.469668
0.499409   -0.00594776   0.188424
0.232742   -0.0256358   -0.270991
-0.4972   -0.11239   0.390536
0.107975   -0.25304   -0.294216
-0.363213   0.0638762   0.346947
0.33399   -0.222692   0.312494
0.0483268   0.170711   -0.16337
0.0631924   0.41222   -0.122791
0.0420795   0.259181   0.410836
0.130083   0.356843   -0.211955
-0.264312   -0.0703758   -0.218288
-0.137027   0.341857   0.4296
-0.446684   0.05572   -0.264971
-0.241456   0.497542   0.0592571
0.168889   -0.172588   -0.0872474
-0.348085   -0.0684626   0.0990474
-0.207695   -0.213852   0.327307
0.453063   0.185882   0.227563
