-0.0721278   0.61305   0.894605
-0.251443   2.36569   -0.877017
-2.14401   -0.638051   0.169236
-0.219656   -0.306823   -0.0863519
0.118348   1.48168   -2.17478
-0.845904   0.454313   -0.650111
-0.00248824   1.05757   0.277837
-1.30399   -1.39978   -1.37942
-0.842918   -2.77054   -0.364158
1.87416   -0.967387   -0.182266
-0.900663   0.690839   -2.62926
-0.799661   -0.444782   0.238176
0.507861   -1.2901   1.5196
1.47386   1.8759   0.956452
-1.09418   -0.382422   0.698052
0.89778   1.23383   1.06007
0.856102   -1.69828   0.499321
0.111743   -1.48309   0.52901
-1.21599   -0.171914   0.452349
1.8502   1.11033   -1.07905
0.935068   -1.67628   -0.337902
-0.0248046   -1.71185   -0.167693
0.312642   0.350892   0.792896
0.965256   1.65952   0.939322
0.6237   0.117302   -2.76973
0.365569   0.581917   -1.13754
1.51234   0.930938   -0.702925
0.915648   -0.523693   -1.18136
0.0553541   -0.635615   1.01144
-0.564514   1.73746   0.24939
0.841149   -0.540594   0.497377
1.16794   -0.826873   1.71424
0.560589   1.53072   1.92355
-0.687904   0.498965   -1.79433
1.70117   -0.0252149   1.45016
-1.10021   1.09898   1.75897
0.841618   -0.692922   -0.512235
0.889654   -0.322873   0.972017
0.832356   -0.757785   -1.95395
-0.170052   1.10243   0.60221
0.150932   -0.282178   -0.873163
0.506528   -2.7861   -0.205999
-1.65525   0.744005   0.457689
1.98652   0.0807848   0.456405
-0.304468   -0.374147   -2.01151
-0.110389   0.540262   -0.0438905
1.71489   1.25595   0.422238
-0.354233   0.280381   0.167922
0.66818   -2.1486   0.521105
-0.611989   3.45129   -2.79084
0.94631   -2.85279   0.373511
-0.256318   -0.888991   0.174234
0.359024   0.0606695   -0.213155
-0.647949   1.12864   0.712536
-0.672709   -1.57894   1.11927
0.496271   -1.53799   0.200193
2.13954   -0.0795963   -0.502923
-1.97526   -0.980911   -1.06845
-0.399138   0.515156   0.219833
1.37308   1.07072   2.17074
0.507535   0.294756   -0.0224858
-1.99865   -0.548219   -2.37004
0.0478037   0.759158   -0.111329
-0.779152   -0.591114   2.42256
-0.718154   0.462341   1.36215
-1.12991   0.0206327   0.439527
-0.507961   -0.490713   -0.941734
-0.210324   -0.58532   0.931965
1.07492   -0.263573   0.111818
0.132613   0.0510578   0.127045
0.587055   0.998518   -0.42906
-0.196554   0.832226   -0.142991
-3.32256   -0.013401   0.783409
-1.2626   0.129506   -1.03206
0.319299   0.147861   0.275326
0.685261   -0.589878   1.0565
-2.1338   1.72838   -0.682343
-0.851939   -0.298298   -0.636041
-1.43996   -1.37859   0.727685
-1.05324   0.461349   0.87701
0.451535   1.07221   -3.00522
1.12824   -0.824082   1.07965
0.410714   1.16275   0.868224
0.0586355   -1.07613   -0.147936
-0.455362   1.66676   -0.7754
-0.358489   2.30831   1.18788
-1.06793   -0.0896058   0.635905
-0.0738758   1.29182   -1.41738
-0.793633   -0.977705   -2.51731
1.69986   -1.66835   -0.807371
3.57583   -0.723533   -0.754004
-1.24839   2.38378   0.950587
0.498025   -0.516223   -0.638726
-0.413107   0.718168   0.47205
-0.974578   -0.560572   1.2896
-0.531183   -0.105249   0.13497
0.649985   0.740812   -1.72667
1.62497   0.774443   0.132606
0.635469   -1.0721   -1.44488
0.840741   -1.65555   1.27156
1.40621   -0.125214   1.00583
-1.09537   -0.290916   -0.295937
-0.622272   -0.376335   -0.0275778
-0.73415   -0.177025   0.817213
-0.690408   0.399736   0.965443
-1.62269   1.91517   -0.531342
-1.90002   -0.872747   1.32742
0.528406   -1.29234   0.691937
