0.420527   -0.188689   0.0767646
0.233001   0.184649   -0.147178
0.00888977   0.125968   -0.11452
0.190695   0.105512   -0.0467915
-0.133898   -0.432201   -0.384302
0.259505   -0.248022   0.377837
-0.0454499   0.218681   -0.346087
-0.0245682   -0.198069   0.0480733
-0.342169   0.252903   -0.499531
0.0809502   0.06186   0.26156
0.43973   -0.109608   -0.328639
0.0966164   0.150607   0.253169
-0.454564   -0.352641   -0.481147
-0.240357   0.311758   -0.435082
0.0904363   -0.0830469   0.118642
-0.285633   -0.100284   -0.240588
0.416369   -0.00316573   -0.213883
-0.342417   0.00203621   0.349668
-0.361904   -0.496386   -0.318196
-0.135607   -0.458163   -0.202088
-0.450254   0.455865   -0.465856
0.442642   -0.441397   0.278599
-0.431838   0.205097   -0.0671714
-0.137669   0.147529   0.256778
-0.473097   0.43961   0.382474
-0.13276   -0.0913825   0.426014
-0.264316   0.209466   0.24737
-0.0120221   -0.134234   -0.4004
-0.286258   -0.0733327   0.136934
-0.390132   0.303138   -0.451604
-0.419497   -0.205558   -0.432283
-0.0702404   0.126005   -0.147451
0.444062   -0.307739   -0.486344
0.174251   -0.229516   0.429101
-0.181438   -0.0860393   -0.308387
0.207501   0.368597   0.362118
-0.0674093   -0.162039   0.337587
0.292408   0.181951   0.320592
0.454849   -0.136973   0.457112
0.0913172   0.409526   0.341998
-0.141118   -0.0341165   -0.140415
0.369148   -0.134907   -0.376776
0.023997   -0.192244   -0.17802
-0.367986   -0.0173743   0.430954
0.0493175   0.247016   -0.188502
-0.460394   0.335906   -0.425867
0.283748   -0.176627   0.111511
0.282614   0.33338   0.365049
-0.191   -0.010053   -0.281451
-0.413084   0.115499   -0.212336
0.206556   0.196878   -0.295111
-0.122151   0.311519   0.0550868
-0.125806   -0.466764   -0.498993
-0.175496   0.387156   0.444037
-0.17743   -0.362521   -0.250448
-0.105077   0.368022   -0.251005
0.196567   0.43381   -0.397436
-0.309425   0.30432   0.434919
0.0282972   0.0822633   -0.324011
-0.458979   -0.0411475   -0.345537
-0.217703   -0.483389   -0.261279
0.0715977   0.341627   0.403495
0.49282   0.0394244   -0.138649
0.334388   -0.360594   0.132611
0.44424   -0.223163   -0.358573
-0.239515   -0.180135   -0.172103
0.281901   0.41874   -0.406555
-0.0482962   0.414799   -0.476552
0.00314808   0.474166   0.055126
-0.189061   0.204622   0.414172
-0.48515   0.333953   0.337225
0.2958   0.337485   0.477166
0.231737   0.3573   0.214213
-0.0472919   -0.142684   -0.483446
-0.414738   0.476498   0.447707
-0.0679024   -0.3115   0.0175462
-0.162042   -0.0305086   0.0464941
-0.394188   0.0120413   -0.342218
-0.401709   -0.245391   0.435071
0.159316   0.323538   0.22251
0.00221358   -0.387563   -0.363731
0.0990199   0.0991343   0.0979118
-0.23254   0.446522   0.461749
-0.445692   0.473822   -0.0132531
-0.388627   0.464828   0.0496939
-0.486071   -0.424932   0.359165
0.363851   -0.151257   0.178675
0.463318   -0.151202   -0.113147
0.322159   -0.0933394   0.440873
0.342376   -0.271911   0.180576
0.398744   -0.489137   0.488274
0.471944   -0.345917   -0.408188
-0.32907   -0.130936   0.205993
0.0766256   0.234231   0.248136
-0.373703   -0.162435   0.433046
-0.00206146   0.396024   0.0943415
0.0767492   -0.204158   0.393416
0.497659   0.00403914   -0.253925
-0.406763   0.365682   -0.48799
0.187825   0.277911   0.283958
-0.0710868   -0.378241   -0.037595
-0.194978   -0.00531933   -0.470482
0.165827   0.198496   0.151439
0.328895   0.16013   -0.165254
0.067981   0.336453   0.262294
-0.0708677   -0.249405   0.11306
0.452558   0.477644   -0.287523
-0.0161851   0.351722   -0.025982
