3.30713   -0.971762   -0.577936
0.148498   2.37305   0.173055
-0.305057   1.75407   -0.0782219
-0.143215   1.85037   1.27452
-1.2981   0.16119   0.724306
0.159053   -0.659693   -0.168315
-0.452562   -0.574484   -0.483421
0.0408377   -1.14388   -0.505273
-0.685011   -0.0437302   1.41124
-1.70335   -0.947778   -1.0696
-0.417363   -1.26805   0.307676
-1.31835   2.69735   1.42862
1.21403   -0.140817   -1.5681
-0.588104   -1.85307   0.411936
3.02972   0.814232   -0.0437998
-0.538905   -0.716537   -0.22637
-0.449849   0.791771   -1.28873
0.620777   0.163934   1.45477
-1.42326   0.00813117   0.711724
0.773013   0.18029   0.750982
0.713036   0.797129   0.130833
-0.607756   -1.26716   -1.21897
1.09874   -0.082287   0.17639
-0.0972368   0.826105   -0.732671
-1.84263   0.423492   -0.509462
-0.802735   -1.77526   -0.520907
1.43989   1.08077   0.739242
1.36753   -1.03755   0.599553
0.440178   0.268079   -0.163164
-0.145669   -0.110726   -0.812675
-0.169394   1.75893   -1.18212
-0.468406   -1.58773   -0.745884
2.03514   -0.894027   -1.05847
-0.782596   -2.05418   1.56187
0.187859   0.0501426   -0.985606
-0.382018   -0.238838   -0.79074
0.871352   2.36304   -0.650734
-0.367873   -0.818835   -1.35299
0.625065   -0.506442   0.419059
1.45967   0.31675   1.64422
1.2646   1.362   0.993681
1.35802   0.455245   1.25444
0.173328   -0.084832   0.431045
-0.599485   0.544334   0.854225
-0.329454   -0.898484   -0.45895
1.21938   -0.605669   -1.41056
0.0210155   2.22801   0.167678
0.569617   -2.5431   1.93329
-0.177944   -0.838295   1.53662
-0.690753   -0.2134   0.225202
0.151892   0.574678   -0.75888
1.15769   -1.3883   0.489017
-1.80205   0.633179   1.22693
0.13111   1.08669   0.0816092
0.449009   -2.11828   -0.553266
-1.30808   -0.926169   -0.631076
0.991362   -2.4673   -0.219352
-0.46705   1.75379   0.344712
-1.58351   1.00021   -1.97213
0.00169617   0.763413   -0.534812
0.531211   0.059224   -0.409197
-0.854272   -1.19545   0.319174
-0.48127   -0.359562   -1.77686
0.709089   0.929241   -0.715034
1.31163   2.22846   2.77895
0.112385   0.168023   -1.72502
-1.75   -2.75607   1.36235
0.833651   -0.528225   1.44193
0.15369   -1.00748   -0.462453
0.186029   1.30634   -0.214143
-1.29702   0.577064   -1.91079
0.703846   -0.773442   0.219449
-0.510469   0.488927   0.185033
-0.919179   2.08342   1.12516
1.08388   1.67798   0.677025
-0.605202   0.625994   -0.682956
-1.2126   0.0249667   0.952261
-1.28463   -0.0593082   0.318434
-0.224345   1.5955   1.15426
1.34624   1.4973   0.670076
0.408746   0.434306   -0.159207
-0.396751   0.633664   -1.36828
0.211225   -1.43323   1.57025
-1.18424   0.233133   -0.0483531
-0.473912   0.524988   -0.323612
-2.29555   0.180156   -1.21922
-0.996042   0.156848   -2.44779
-0.940177   0.843349   0.22708
0.176641   -1.62069   1.05604
1.21431   -0.448316   2.37469
0.280632   -0.372261   1.10311
1.71375   -2.04946   -0.274354
-0.50174   -2.12701   1.38682
0.109227   -0.188639   -0.542359
0.752509   0.981974   -0.900095
0.17128   -0.646365   -1.62927
1.60718   0.643589   1.50656
-1.0177   -0.0333453   -0.276534
-1.07359   3.31912   2.45326
-1.43282   -1.55771   -1.82895
-1.82819   1.30508   -0.502162
-1.47695   1.00029   0.537668
0.375266   -0.542562   -1.60138
3.025   -1.79831   -0.0045003
0.904207   -0.295094   -1.85961
-0.0922962   -0.016632   0.828459
-1.10284   -0.168001   -2.25643
0.957668   -1.84545   0.705297
